Using pre-set license
Built from '2020.3/staging' branch; Version is '2020.3.0f1 (c7b5465681fb) revision 13088070'; Using compiler version '192528614'; Build Type 'Release'
OS: 'Windows 10 Home Single Language; OS build 19041.1110; Version 2004; 64bit' Language: 'tr' Physical Memory: 8134 MB
BatchMode: 1, IsHumanControllingUs: 0, StartBugReporterOnCrash: 0, Is64bit: 1, IsPro: 0

 COMMAND LINE ARGUMENTS:
C:\Program Files\Unity\Hub\Editor\2020.3.0f1\Editor\Unity.exe
-adb2
-batchMode
-noUpm
-name
AssetImportWorker0
-projectPath
C:/Unity/IdleGame
-logFile
Logs/AssetImportWorker0.log
-srvPort
59051
Successfully changed project path to: C:/Unity/IdleGame
C:/Unity/IdleGame
Using Asset Import Pipeline V2.
Refreshing native plugins compatible for Editor in 64.84 ms, found 0 plugins.
Preloading 0 native plugins for Editor in 0.00 ms.
Initialize engine version: 2020.3.0f1 (c7b5465681fb)
[Subsystems] Discovering subsystems at path C:/Program Files/Unity/Hub/Editor/2020.3.0f1/Editor/Data/Resources/UnitySubsystems
[Subsystems] Discovering subsystems at path C:/Unity/IdleGame/Assets
GfxDevice: creating device client; threaded=0
Direct3D:
    Version:  Direct3D 11.0 [level 11.1]
    Renderer: NVIDIA GeForce GTX 1060 6GB (ID=0x1c03)
    Vendor:   
    VRAM:     6052 MB
    Driver:   30.0.14.7141
Initialize mono
Mono path[0] = 'C:/Program Files/Unity/Hub/Editor/2020.3.0f1/Editor/Data/Managed'
Mono path[1] = 'C:/Program Files/Unity/Hub/Editor/2020.3.0f1/Editor/Data/MonoBleedingEdge/lib/mono/unityjit'
Mono config path = 'C:/Program Files/Unity/Hub/Editor/2020.3.0f1/Editor/Data/MonoBleedingEdge/etc'
Using monoOptions --debugger-agent=transport=dt_socket,embedding=1,server=y,suspend=n,address=127.0.0.1:56492
Begin MonoManager ReloadAssembly
Registering precompiled unity dll's ...
Register platform support module: C:/Program Files/Unity/Hub/Editor/2020.3.0f1/Editor/Data/PlaybackEngines/WindowsStandaloneSupport/UnityEditor.WindowsStandalone.Extensions.dll
Registered in 0.002435 seconds.
Native extension for WindowsStandalone target not found
Refreshing native plugins compatible for Editor in 61.75 ms, found 0 plugins.
Preloading 0 native plugins for Editor in 0.00 ms.
Invoked RoslynAnalysisRunner static constructor.
RoslynAnalysisRunner will not be running.
RoslynAnalysisRunner has terminated.
Mono: successfully reloaded assembly
- Completed reload, in  2.127 seconds
Platform modules already initialized, skipping
Registering precompiled user dll's ...
Registered in 0.001904 seconds.
Begin MonoManager ReloadAssembly
Native extension for WindowsStandalone target not found
Refreshing native plugins compatible for Editor in 67.11 ms, found 0 plugins.
Preloading 0 native plugins for Editor in 0.00 ms.
Invoked RoslynAnalysisRunner static constructor.
RoslynAnalysisRunner will not be running.
RoslynAnalysisRunner has terminated.
Mono: successfully reloaded assembly
- Completed reload, in  1.070 seconds
Platform modules already initialized, skipping
========================================================================
Worker process is ready to serve import requests
Shader 'Universal Render Pipeline/Particles/Lit': fallback shader 'Universal Render Pipeline/Particles/SimpleLit' not found
Shader 'Universal Render Pipeline/Particles/Lit': fallback shader 'Universal Render Pipeline/Particles/SimpleLit' not found
Launched and connected shader compiler UnityShaderCompiler.exe after 0.05 seconds
Refreshing native plugins compatible for Editor in 0.68 ms, found 0 plugins.
Preloading 0 native plugins for Editor in 0.00 ms.
Unloading 2465 Unused Serialized files (Serialized files now loaded: 0)
System memory in use before: 117.4 MB.
System memory in use after: 115.4 MB.

Unloading 44 unused Assets to reduce memory usage. Loaded Objects now: 2880.
Total: 3.854400 ms (FindLiveObjects: 0.464300 ms CreateObjectMapping: 0.278500 ms MarkObjects: 1.838000 ms  DeleteObjects: 1.272500 ms)

========================================================================
Received Import Request.
  path: Assets/TutorialInfo
  artifactKey: Guid(49110bb8dcada46328ad741970bce702) Importer(815301076,1909f56bfc062723c751e8b465ee728b)
Start importing Assets/TutorialInfo using Guid(49110bb8dcada46328ad741970bce702) Importer(815301076,1909f56bfc062723c751e8b465ee728b)  -> (artifact id: '8817f837b5fb10a29ec0ddfb04359468') in 0.010878 seconds
  Import took 0.015743 seconds .

========================================================================
Received Import Request.
  Time since last request: 0.000113 seconds.
  path: Assets/Settings
  artifactKey: Guid(0735c275001a2c84dafdb30deced5d8d) Importer(815301076,1909f56bfc062723c751e8b465ee728b)
Start importing Assets/Settings using Guid(0735c275001a2c84dafdb30deced5d8d) Importer(815301076,1909f56bfc062723c751e8b465ee728b)  -> (artifact id: '6ca1225e92ee2e11a693ed3bf1c30361') in 0.007444 seconds
  Import took 0.011830 seconds .

========================================================================
Received Import Request.
  Time since last request: 105.828236 seconds.
  path: Assets/Prefab/Transporter.prefab
  artifactKey: Guid(6084d48e6d0e9d147836673ed8e97034) Importer(815301076,1909f56bfc062723c751e8b465ee728b)
Start importing Assets/Prefab/Transporter.prefab using Guid(6084d48e6d0e9d147836673ed8e97034) Importer(815301076,1909f56bfc062723c751e8b465ee728b)  -> (artifact id: '133a1d70ec33b3f8acda8770b4780beb') in 0.298154 seconds
  Import took 0.305422 seconds .

========================================================================
Received Prepare
Registering precompiled user dll's ...
Registered in 0.002034 seconds.
Begin MonoManager ReloadAssembly
Native extension for WindowsStandalone target not found
Refreshing native plugins compatible for Editor in 0.73 ms, found 0 plugins.
Preloading 0 native plugins for Editor in 0.00 ms.
Invoked RoslynAnalysisRunner static constructor.
RoslynAnalysisRunner will not be running.
RoslynAnalysisRunner has terminated.
Mono: successfully reloaded assembly
- Completed reload, in  1.114 seconds
Platform modules already initialized, skipping
Shader 'Universal Render Pipeline/Particles/Lit': fallback shader 'Universal Render Pipeline/Particles/SimpleLit' not found
Shader 'Universal Render Pipeline/Particles/Lit': fallback shader 'Universal Render Pipeline/Particles/SimpleLit' not found
Refreshing native plugins compatible for Editor in 1.45 ms, found 0 plugins.
Preloading 0 native plugins for Editor in 0.00 ms.
Unloading 2389 Unused Serialized files (Serialized files now loaded: 0)
System memory in use before: 133.5 MB.
System memory in use after: 131.5 MB.

Unloading 39 unused Assets to reduce memory usage. Loaded Objects now: 2929.
Total: 3.535100 ms (FindLiveObjects: 0.287100 ms CreateObjectMapping: 0.117200 ms MarkObjects: 1.894400 ms  DeleteObjects: 1.235200 ms)

========================================================================
Received Import Request.
  Time since last request: 17.514908 seconds.
  path: Assets/Prefab/Miner.prefab
  artifactKey: Guid(fc9c13e242b1ac342a2af5cc2d44559e) Importer(815301076,1909f56bfc062723c751e8b465ee728b)
Start importing Assets/Prefab/Miner.prefab using Guid(fc9c13e242b1ac342a2af5cc2d44559e) Importer(815301076,1909f56bfc062723c751e8b465ee728b)  -> (artifact id: '9d2c920a5c27cf869479a29fbfe097df') in 0.215804 seconds
  Import took 0.223837 seconds .

========================================================================
Received Import Request.
  Time since last request: 8.067324 seconds.
  path: Assets/Prefab/Miner.prefab
  artifactKey: Guid(fc9c13e242b1ac342a2af5cc2d44559e) Importer(815301076,1909f56bfc062723c751e8b465ee728b)
Start importing Assets/Prefab/Miner.prefab using Guid(fc9c13e242b1ac342a2af5cc2d44559e) Importer(815301076,1909f56bfc062723c751e8b465ee728b)  -> (artifact id: 'a3ba85fa3dc7362840fcfc9108ce7748') in 0.045036 seconds
  Import took 0.051940 seconds .

========================================================================
Received Import Request.
  Time since last request: 8.697338 seconds.
  path: Assets/Prefab/Miner.prefab
  artifactKey: Guid(fc9c13e242b1ac342a2af5cc2d44559e) Importer(815301076,1909f56bfc062723c751e8b465ee728b)
Start importing Assets/Prefab/Miner.prefab using Guid(fc9c13e242b1ac342a2af5cc2d44559e) Importer(815301076,1909f56bfc062723c751e8b465ee728b)  -> (artifact id: '747e71386225c06c9fb0914eb05929c7') in 0.041147 seconds
  Import took 0.048199 seconds .

========================================================================
Received Import Request.
  Time since last request: 8.008636 seconds.
  path: Assets/Prefab/Miner.prefab
  artifactKey: Guid(fc9c13e242b1ac342a2af5cc2d44559e) Importer(815301076,1909f56bfc062723c751e8b465ee728b)
Start importing Assets/Prefab/Miner.prefab using Guid(fc9c13e242b1ac342a2af5cc2d44559e) Importer(815301076,1909f56bfc062723c751e8b465ee728b)  -> (artifact id: '182b5d29bc2f2d81c14dc9fae9f4271c') in 0.045133 seconds
  Import took 0.053211 seconds .

========================================================================
Received Import Request.
  Time since last request: 10.244690 seconds.
  path: Assets/Prefab/Miner.prefab
  artifactKey: Guid(fc9c13e242b1ac342a2af5cc2d44559e) Importer(815301076,1909f56bfc062723c751e8b465ee728b)
Start importing Assets/Prefab/Miner.prefab using Guid(fc9c13e242b1ac342a2af5cc2d44559e) Importer(815301076,1909f56bfc062723c751e8b465ee728b)  -> (artifact id: '29882767678ebdc24059111c3715bc80') in 0.037760 seconds
  Import took 0.044759 seconds .

========================================================================
Received Import Request.
  Time since last request: 38.060998 seconds.
  path: Assets/Scripts/GameManager.cs
  artifactKey: Guid(7e412daafdc1b724787929e18174965f) Importer(815301076,1909f56bfc062723c751e8b465ee728b)
Start importing Assets/Scripts/GameManager.cs using Guid(7e412daafdc1b724787929e18174965f) Importer(815301076,1909f56bfc062723c751e8b465ee728b)  -> (artifact id: '442fdb61a29eb5aa0c61874b6605b020') in 0.013918 seconds
  Import took 0.018830 seconds .

========================================================================
Received Prepare
Registering precompiled user dll's ...
Registered in 0.001741 seconds.
Begin MonoManager ReloadAssembly
Native extension for WindowsStandalone target not found
Refreshing native plugins compatible for Editor in 0.59 ms, found 0 plugins.
Preloading 0 native plugins for Editor in 0.00 ms.
Invoked RoslynAnalysisRunner static constructor.
RoslynAnalysisRunner will not be running.
RoslynAnalysisRunner has terminated.
Mono: successfully reloaded assembly
- Completed reload, in  1.003 seconds
Platform modules already initialized, skipping
Shader 'Universal Render Pipeline/Particles/Lit': fallback shader 'Universal Render Pipeline/Particles/SimpleLit' not found
Shader 'Universal Render Pipeline/Particles/Lit': fallback shader 'Universal Render Pipeline/Particles/SimpleLit' not found
Refreshing native plugins compatible for Editor in 0.78 ms, found 0 plugins.
Preloading 0 native plugins for Editor in 0.00 ms.
Unloading 2389 Unused Serialized files (Serialized files now loaded: 0)
System memory in use before: 133.7 MB.
System memory in use after: 131.7 MB.

Unloading 39 unused Assets to reduce memory usage. Loaded Objects now: 2968.
Total: 7.139000 ms (FindLiveObjects: 0.727000 ms CreateObjectMapping: 0.370700 ms MarkObjects: 3.631600 ms  DeleteObjects: 2.407300 ms)

========================================================================
Received Prepare
Registering precompiled user dll's ...
Registered in 0.001890 seconds.
Begin MonoManager ReloadAssembly
Native extension for WindowsStandalone target not found
Refreshing native plugins compatible for Editor in 0.58 ms, found 0 plugins.
Preloading 0 native plugins for Editor in 0.00 ms.
Invoked RoslynAnalysisRunner static constructor.
RoslynAnalysisRunner will not be running.
RoslynAnalysisRunner has terminated.
Mono: successfully reloaded assembly
- Completed reload, in  0.960 seconds
Platform modules already initialized, skipping
Shader 'Universal Render Pipeline/Particles/Lit': fallback shader 'Universal Render Pipeline/Particles/SimpleLit' not found
Shader 'Universal Render Pipeline/Particles/Lit': fallback shader 'Universal Render Pipeline/Particles/SimpleLit' not found
Refreshing native plugins compatible for Editor in 0.64 ms, found 0 plugins.
Preloading 0 native plugins for Editor in 0.00 ms.
Unloading 2389 Unused Serialized files (Serialized files now loaded: 0)
System memory in use before: 133.7 MB.
System memory in use after: 131.7 MB.

Unloading 39 unused Assets to reduce memory usage. Loaded Objects now: 2971.
Total: 4.239300 ms (FindLiveObjects: 0.480600 ms CreateObjectMapping: 0.155100 ms MarkObjects: 2.053500 ms  DeleteObjects: 1.548900 ms)

========================================================================
Received Prepare
Registering precompiled user dll's ...
Registered in 0.001741 seconds.
Begin MonoManager ReloadAssembly
Native extension for WindowsStandalone target not found
Refreshing native plugins compatible for Editor in 0.59 ms, found 0 plugins.
Preloading 0 native plugins for Editor in 0.00 ms.
Invoked RoslynAnalysisRunner static constructor.
RoslynAnalysisRunner will not be running.
RoslynAnalysisRunner has terminated.
Mono: successfully reloaded assembly
- Completed reload, in  1.004 seconds
Platform modules already initialized, skipping
Shader 'Universal Render Pipeline/Particles/Lit': fallback shader 'Universal Render Pipeline/Particles/SimpleLit' not found
Shader 'Universal Render Pipeline/Particles/Lit': fallback shader 'Universal Render Pipeline/Particles/SimpleLit' not found
Refreshing native plugins compatible for Editor in 0.62 ms, found 0 plugins.
Preloading 0 native plugins for Editor in 0.00 ms.
Unloading 2389 Unused Serialized files (Serialized files now loaded: 0)
System memory in use before: 133.8 MB.
System memory in use after: 131.7 MB.

Unloading 39 unused Assets to reduce memory usage. Loaded Objects now: 2974.
Total: 3.648300 ms (FindLiveObjects: 0.288400 ms CreateObjectMapping: 0.128400 ms MarkObjects: 1.850700 ms  DeleteObjects: 1.379400 ms)

========================================================================
Received Prepare
Registering precompiled user dll's ...
Registered in 0.001811 seconds.
Begin MonoManager ReloadAssembly
Native extension for WindowsStandalone target not found
Refreshing native plugins compatible for Editor in 0.71 ms, found 0 plugins.
Preloading 0 native plugins for Editor in 0.00 ms.
Invoked RoslynAnalysisRunner static constructor.
RoslynAnalysisRunner will not be running.
RoslynAnalysisRunner has terminated.
Mono: successfully reloaded assembly
- Completed reload, in  0.983 seconds
Platform modules already initialized, skipping
Shader 'Universal Render Pipeline/Particles/Lit': fallback shader 'Universal Render Pipeline/Particles/SimpleLit' not found
Shader 'Universal Render Pipeline/Particles/Lit': fallback shader 'Universal Render Pipeline/Particles/SimpleLit' not found
Refreshing native plugins compatible for Editor in 0.62 ms, found 0 plugins.
Preloading 0 native plugins for Editor in 0.00 ms.
Unloading 2389 Unused Serialized files (Serialized files now loaded: 0)
System memory in use before: 133.6 MB.
System memory in use after: 131.6 MB.

Unloading 39 unused Assets to reduce memory usage. Loaded Objects now: 2977.
Total: 5.847500 ms (FindLiveObjects: 0.330000 ms CreateObjectMapping: 0.164900 ms MarkObjects: 2.759700 ms  DeleteObjects: 2.591400 ms)

========================================================================
Received Prepare
Registering precompiled user dll's ...
Registered in 0.001738 seconds.
Begin MonoManager ReloadAssembly
Native extension for WindowsStandalone target not found
Refreshing native plugins compatible for Editor in 0.68 ms, found 0 plugins.
Preloading 0 native plugins for Editor in 0.00 ms.
Invoked RoslynAnalysisRunner static constructor.
RoslynAnalysisRunner will not be running.
RoslynAnalysisRunner has terminated.
Mono: successfully reloaded assembly
- Completed reload, in  1.003 seconds
Platform modules already initialized, skipping
Shader 'Universal Render Pipeline/Particles/Lit': fallback shader 'Universal Render Pipeline/Particles/SimpleLit' not found
Shader 'Universal Render Pipeline/Particles/Lit': fallback shader 'Universal Render Pipeline/Particles/SimpleLit' not found
Refreshing native plugins compatible for Editor in 0.73 ms, found 0 plugins.
Preloading 0 native plugins for Editor in 0.00 ms.
Unloading 2389 Unused Serialized files (Serialized files now loaded: 0)
System memory in use before: 133.8 MB.
System memory in use after: 131.7 MB.

Unloading 39 unused Assets to reduce memory usage. Loaded Objects now: 2980.
Total: 6.125300 ms (FindLiveObjects: 0.677400 ms CreateObjectMapping: 0.660200 ms MarkObjects: 2.414000 ms  DeleteObjects: 2.371400 ms)

========================================================================
Received Prepare
Registering precompiled user dll's ...
Registered in 0.001745 seconds.
Begin MonoManager ReloadAssembly
Native extension for WindowsStandalone target not found
Refreshing native plugins compatible for Editor in 0.73 ms, found 0 plugins.
Preloading 0 native plugins for Editor in 0.00 ms.
Invoked RoslynAnalysisRunner static constructor.
RoslynAnalysisRunner will not be running.
RoslynAnalysisRunner has terminated.
Mono: successfully reloaded assembly
- Completed reload, in  0.993 seconds
Platform modules already initialized, skipping
Shader 'Universal Render Pipeline/Particles/Lit': fallback shader 'Universal Render Pipeline/Particles/SimpleLit' not found
Shader 'Universal Render Pipeline/Particles/Lit': fallback shader 'Universal Render Pipeline/Particles/SimpleLit' not found
Refreshing native plugins compatible for Editor in 0.72 ms, found 0 plugins.
Preloading 0 native plugins for Editor in 0.00 ms.
Unloading 2389 Unused Serialized files (Serialized files now loaded: 0)
System memory in use before: 133.8 MB.
System memory in use after: 131.8 MB.

Unloading 39 unused Assets to reduce memory usage. Loaded Objects now: 2983.
Total: 12.145500 ms (FindLiveObjects: 0.478200 ms CreateObjectMapping: 0.205000 ms MarkObjects: 6.748900 ms  DeleteObjects: 4.710500 ms)

========================================================================
Received Prepare
Registering precompiled user dll's ...
Registered in 0.001742 seconds.
Begin MonoManager ReloadAssembly
Native extension for WindowsStandalone target not found
Refreshing native plugins compatible for Editor in 0.69 ms, found 0 plugins.
Preloading 0 native plugins for Editor in 0.00 ms.
Invoked RoslynAnalysisRunner static constructor.
RoslynAnalysisRunner will not be running.
RoslynAnalysisRunner has terminated.
Mono: successfully reloaded assembly
- Completed reload, in  0.950 seconds
Platform modules already initialized, skipping
Shader 'Universal Render Pipeline/Particles/Lit': fallback shader 'Universal Render Pipeline/Particles/SimpleLit' not found
Shader 'Universal Render Pipeline/Particles/Lit': fallback shader 'Universal Render Pipeline/Particles/SimpleLit' not found
Refreshing native plugins compatible for Editor in 0.66 ms, found 0 plugins.
Preloading 0 native plugins for Editor in 0.00 ms.
Unloading 2389 Unused Serialized files (Serialized files now loaded: 0)
System memory in use before: 133.8 MB.
System memory in use after: 131.8 MB.

Unloading 39 unused Assets to reduce memory usage. Loaded Objects now: 2986.
Total: 3.861900 ms (FindLiveObjects: 0.326500 ms CreateObjectMapping: 0.136900 ms MarkObjects: 1.926600 ms  DeleteObjects: 1.470400 ms)

========================================================================
Received Prepare
Registering precompiled user dll's ...
Registered in 0.001831 seconds.
Begin MonoManager ReloadAssembly
Native extension for WindowsStandalone target not found
Refreshing native plugins compatible for Editor in 0.58 ms, found 0 plugins.
Preloading 0 native plugins for Editor in 0.00 ms.
Invoked RoslynAnalysisRunner static constructor.
RoslynAnalysisRunner will not be running.
RoslynAnalysisRunner has terminated.
Mono: successfully reloaded assembly
- Completed reload, in  0.910 seconds
Platform modules already initialized, skipping
Shader 'Universal Render Pipeline/Particles/Lit': fallback shader 'Universal Render Pipeline/Particles/SimpleLit' not found
Shader 'Universal Render Pipeline/Particles/Lit': fallback shader 'Universal Render Pipeline/Particles/SimpleLit' not found
Refreshing native plugins compatible for Editor in 0.68 ms, found 0 plugins.
Preloading 0 native plugins for Editor in 0.00 ms.
Unloading 2389 Unused Serialized files (Serialized files now loaded: 0)
System memory in use before: 133.8 MB.
System memory in use after: 131.8 MB.

Unloading 39 unused Assets to reduce memory usage. Loaded Objects now: 2989.
Total: 4.565300 ms (FindLiveObjects: 0.313600 ms CreateObjectMapping: 0.142100 ms MarkObjects: 2.168600 ms  DeleteObjects: 1.940200 ms)

AssetImportWorkerClient::OnTransportError - code=2 error=End of file
