Using pre-set license
Built from '2020.3/staging' branch; Version is '2020.3.0f1 (c7b5465681fb) revision 13088070'; Using compiler version '192528614'; Build Type 'Release'
OS: 'Windows 10 Home Single Language; OS build 19043.1110; Version 2009; 64bit' Language: 'tr' Physical Memory: 8134 MB
BatchMode: 1, IsHumanControllingUs: 0, StartBugReporterOnCrash: 0, Is64bit: 1, IsPro: 0

 COMMAND LINE ARGUMENTS:
C:\Program Files\Unity\Hub\Editor\2020.3.0f1\Editor\Unity.exe
-adb2
-batchMode
-noUpm
-name
AssetImportWorker1
-projectPath
C:/Unity/IdleGame
-logFile
Logs/AssetImportWorker1.log
-srvPort
60133
Successfully changed project path to: C:/Unity/IdleGame
C:/Unity/IdleGame
Using Asset Import Pipeline V2.
Refreshing native plugins compatible for Editor in 65.88 ms, found 0 plugins.
Preloading 0 native plugins for Editor in 0.00 ms.
Initialize engine version: 2020.3.0f1 (c7b5465681fb)
[Subsystems] Discovering subsystems at path C:/Program Files/Unity/Hub/Editor/2020.3.0f1/Editor/Data/Resources/UnitySubsystems
[Subsystems] Discovering subsystems at path C:/Unity/IdleGame/Assets
GfxDevice: creating device client; threaded=0
Direct3D:
    Version:  Direct3D 11.0 [level 11.1]
    Renderer: NVIDIA GeForce GTX 1060 6GB (ID=0x1c03)
    Vendor:   
    VRAM:     6052 MB
    Driver:   30.0.14.7141
Initialize mono
Mono path[0] = 'C:/Program Files/Unity/Hub/Editor/2020.3.0f1/Editor/Data/Managed'
Mono path[1] = 'C:/Program Files/Unity/Hub/Editor/2020.3.0f1/Editor/Data/MonoBleedingEdge/lib/mono/unityjit'
Mono config path = 'C:/Program Files/Unity/Hub/Editor/2020.3.0f1/Editor/Data/MonoBleedingEdge/etc'
Using monoOptions --debugger-agent=transport=dt_socket,embedding=1,server=y,suspend=n,address=127.0.0.1:56940
Begin MonoManager ReloadAssembly
Registering precompiled unity dll's ...
Register platform support module: C:/Program Files/Unity/Hub/Editor/2020.3.0f1/Editor/Data/PlaybackEngines/WindowsStandaloneSupport/UnityEditor.WindowsStandalone.Extensions.dll
Registered in 0.002974 seconds.
Native extension for WindowsStandalone target not found
Refreshing native plugins compatible for Editor in 63.71 ms, found 0 plugins.
Preloading 0 native plugins for Editor in 0.00 ms.
Invoked RoslynAnalysisRunner static constructor.
RoslynAnalysisRunner will not be running.
RoslynAnalysisRunner has terminated.
Mono: successfully reloaded assembly
- Completed reload, in  2.298 seconds
Platform modules already initialized, skipping
Registering precompiled user dll's ...
Registered in 0.001845 seconds.
Begin MonoManager ReloadAssembly
Native extension for WindowsStandalone target not found
Refreshing native plugins compatible for Editor in 76.96 ms, found 0 plugins.
Preloading 0 native plugins for Editor in 0.00 ms.
Invoked RoslynAnalysisRunner static constructor.
RoslynAnalysisRunner will not be running.
RoslynAnalysisRunner has terminated.
Mono: successfully reloaded assembly
- Completed reload, in  1.142 seconds
Platform modules already initialized, skipping
========================================================================
Worker process is ready to serve import requests
Shader 'Universal Render Pipeline/Particles/Lit': fallback shader 'Universal Render Pipeline/Particles/SimpleLit' not found
Shader 'Universal Render Pipeline/Particles/Lit': fallback shader 'Universal Render Pipeline/Particles/SimpleLit' not found
Launched and connected shader compiler UnityShaderCompiler.exe after 0.05 seconds
Refreshing native plugins compatible for Editor in 0.77 ms, found 0 plugins.
Preloading 0 native plugins for Editor in 0.00 ms.
Unloading 2465 Unused Serialized files (Serialized files now loaded: 0)
System memory in use before: 117.6 MB.
System memory in use after: 115.5 MB.

Unloading 44 unused Assets to reduce memory usage. Loaded Objects now: 2880.
Total: 3.995400 ms (FindLiveObjects: 0.413100 ms CreateObjectMapping: 0.344800 ms MarkObjects: 2.035000 ms  DeleteObjects: 1.201500 ms)

========================================================================
Received Import Request.
  path: Assets/Prefab/Miner.prefab
  artifactKey: Guid(fc9c13e242b1ac342a2af5cc2d44559e) Importer(815301076,1909f56bfc062723c751e8b465ee728b)
Start importing Assets/Prefab/Miner.prefab using Guid(fc9c13e242b1ac342a2af5cc2d44559e) Importer(815301076,1909f56bfc062723c751e8b465ee728b)  -> (artifact id: '15d61f1208113e96b1265240ca66ba9c') in 0.289678 seconds
  Import took 0.295126 seconds .

========================================================================
Received Prepare
Shader 'Universal Render Pipeline/Particles/Lit': fallback shader 'Universal Render Pipeline/Particles/SimpleLit' not found
Shader 'Universal Render Pipeline/Particles/Lit': fallback shader 'Universal Render Pipeline/Particles/SimpleLit' not found
Refreshing native plugins compatible for Editor in 1.78 ms, found 0 plugins.
Preloading 0 native plugins for Editor in 0.00 ms.
Unloading 37 Unused Serialized files (Serialized files now loaded: 0)
System memory in use before: 87.2 MB.
System memory in use after: 85.2 MB.

Unloading 37 unused Assets to reduce memory usage. Loaded Objects now: 2954.
Total: 4.344800 ms (FindLiveObjects: 0.435000 ms CreateObjectMapping: 0.218100 ms MarkObjects: 2.330700 ms  DeleteObjects: 1.359600 ms)

========================================================================
Received Import Request.
  Time since last request: 1.704749 seconds.
  path: Assets/Prefab/Miner.prefab
  artifactKey: Guid(fc9c13e242b1ac342a2af5cc2d44559e) Importer(815301076,1909f56bfc062723c751e8b465ee728b)
Start importing Assets/Prefab/Miner.prefab using Guid(fc9c13e242b1ac342a2af5cc2d44559e) Importer(815301076,1909f56bfc062723c751e8b465ee728b)  -> (artifact id: 'cb12c42da97acb000318327fc93b85b4') in 0.040473 seconds
  Import took 0.046743 seconds .

========================================================================
Received Import Request.
  Time since last request: 0.932926 seconds.
  path: Assets/Prefab/Miner.prefab
  artifactKey: Guid(fc9c13e242b1ac342a2af5cc2d44559e) Importer(815301076,1909f56bfc062723c751e8b465ee728b)
Start importing Assets/Prefab/Miner.prefab using Guid(fc9c13e242b1ac342a2af5cc2d44559e) Importer(815301076,1909f56bfc062723c751e8b465ee728b)  -> (artifact id: 'f948f9fd398f85328c065ce5c611efcf') in 0.039129 seconds
  Import took 0.046229 seconds .

========================================================================
Received Prepare
Registering precompiled user dll's ...
Registered in 0.001759 seconds.
Begin MonoManager ReloadAssembly
Native extension for WindowsStandalone target not found
Refreshing native plugins compatible for Editor in 0.89 ms, found 0 plugins.
Preloading 0 native plugins for Editor in 0.00 ms.
Invoked RoslynAnalysisRunner static constructor.
RoslynAnalysisRunner will not be running.
RoslynAnalysisRunner has terminated.
Mono: successfully reloaded assembly
- Completed reload, in  1.057 seconds
Platform modules already initialized, skipping
Shader 'Universal Render Pipeline/Particles/Lit': fallback shader 'Universal Render Pipeline/Particles/SimpleLit' not found
Shader 'Universal Render Pipeline/Particles/Lit': fallback shader 'Universal Render Pipeline/Particles/SimpleLit' not found
Refreshing native plugins compatible for Editor in 0.75 ms, found 0 plugins.
Preloading 0 native plugins for Editor in 0.00 ms.
Unloading 2389 Unused Serialized files (Serialized files now loaded: 0)
System memory in use before: 133.6 MB.
System memory in use after: 131.6 MB.

Unloading 39 unused Assets to reduce memory usage. Loaded Objects now: 2930.
Total: 5.675300 ms (FindLiveObjects: 0.554000 ms CreateObjectMapping: 0.205300 ms MarkObjects: 3.042900 ms  DeleteObjects: 1.871700 ms)

========================================================================
Received Import Request.
  Time since last request: 296.568387 seconds.
  path: Assets/Prefab/Miner.prefab
  artifactKey: Guid(fc9c13e242b1ac342a2af5cc2d44559e) Importer(815301076,1909f56bfc062723c751e8b465ee728b)
Start importing Assets/Prefab/Miner.prefab using Guid(fc9c13e242b1ac342a2af5cc2d44559e) Importer(815301076,1909f56bfc062723c751e8b465ee728b)  -> (artifact id: '59f8fed5bfa0af2712ab9c87bd0e4296') in 0.212694 seconds
  Import took 0.221056 seconds .

========================================================================
Received Prepare
Registering precompiled user dll's ...
Registered in 0.001838 seconds.
Begin MonoManager ReloadAssembly
Native extension for WindowsStandalone target not found
Refreshing native plugins compatible for Editor in 0.59 ms, found 0 plugins.
Preloading 0 native plugins for Editor in 0.00 ms.
Invoked RoslynAnalysisRunner static constructor.
RoslynAnalysisRunner will not be running.
RoslynAnalysisRunner has terminated.
Mono: successfully reloaded assembly
- Completed reload, in  0.943 seconds
Platform modules already initialized, skipping
Shader 'Universal Render Pipeline/Particles/Lit': fallback shader 'Universal Render Pipeline/Particles/SimpleLit' not found
Shader 'Universal Render Pipeline/Particles/Lit': fallback shader 'Universal Render Pipeline/Particles/SimpleLit' not found
Refreshing native plugins compatible for Editor in 0.77 ms, found 0 plugins.
Preloading 0 native plugins for Editor in 0.00 ms.
Unloading 2389 Unused Serialized files (Serialized files now loaded: 0)
System memory in use before: 133.8 MB.
System memory in use after: 131.8 MB.

Unloading 39 unused Assets to reduce memory usage. Loaded Objects now: 2969.
Total: 5.006200 ms (FindLiveObjects: 0.540700 ms CreateObjectMapping: 0.181600 ms MarkObjects: 2.357700 ms  DeleteObjects: 1.923700 ms)

========================================================================
Received Prepare
Registering precompiled user dll's ...
Registered in 0.002300 seconds.
Begin MonoManager ReloadAssembly
Native extension for WindowsStandalone target not found
Refreshing native plugins compatible for Editor in 0.60 ms, found 0 plugins.
Preloading 0 native plugins for Editor in 0.00 ms.
Invoked RoslynAnalysisRunner static constructor.
RoslynAnalysisRunner will not be running.
RoslynAnalysisRunner has terminated.
Mono: successfully reloaded assembly
- Completed reload, in  1.091 seconds
Platform modules already initialized, skipping
Shader 'Universal Render Pipeline/Particles/Lit': fallback shader 'Universal Render Pipeline/Particles/SimpleLit' not found
Shader 'Universal Render Pipeline/Particles/Lit': fallback shader 'Universal Render Pipeline/Particles/SimpleLit' not found
Refreshing native plugins compatible for Editor in 0.76 ms, found 0 plugins.
Preloading 0 native plugins for Editor in 0.00 ms.
Unloading 2389 Unused Serialized files (Serialized files now loaded: 0)
System memory in use before: 133.9 MB.
System memory in use after: 131.8 MB.

Unloading 39 unused Assets to reduce memory usage. Loaded Objects now: 2972.
Total: 3.721800 ms (FindLiveObjects: 0.264300 ms CreateObjectMapping: 0.119900 ms MarkObjects: 1.966900 ms  DeleteObjects: 1.369800 ms)

========================================================================
Received Prepare
Registering precompiled user dll's ...
Registered in 0.001689 seconds.
Begin MonoManager ReloadAssembly
Native extension for WindowsStandalone target not found
Refreshing native plugins compatible for Editor in 0.59 ms, found 0 plugins.
Preloading 0 native plugins for Editor in 0.00 ms.
Invoked RoslynAnalysisRunner static constructor.
RoslynAnalysisRunner will not be running.
RoslynAnalysisRunner has terminated.
Mono: successfully reloaded assembly
- Completed reload, in  0.979 seconds
Platform modules already initialized, skipping
Shader 'Universal Render Pipeline/Particles/Lit': fallback shader 'Universal Render Pipeline/Particles/SimpleLit' not found
Shader 'Universal Render Pipeline/Particles/Lit': fallback shader 'Universal Render Pipeline/Particles/SimpleLit' not found
Refreshing native plugins compatible for Editor in 0.67 ms, found 0 plugins.
Preloading 0 native plugins for Editor in 0.00 ms.
Unloading 2389 Unused Serialized files (Serialized files now loaded: 0)
System memory in use before: 133.9 MB.
System memory in use after: 131.8 MB.

Unloading 39 unused Assets to reduce memory usage. Loaded Objects now: 2975.
Total: 3.892300 ms (FindLiveObjects: 0.271200 ms CreateObjectMapping: 0.174200 ms MarkObjects: 1.994600 ms  DeleteObjects: 1.450700 ms)

========================================================================
Received Prepare
Registering precompiled user dll's ...
Registered in 0.001771 seconds.
Begin MonoManager ReloadAssembly
Native extension for WindowsStandalone target not found
Refreshing native plugins compatible for Editor in 0.57 ms, found 0 plugins.
Preloading 0 native plugins for Editor in 0.00 ms.
Invoked RoslynAnalysisRunner static constructor.
RoslynAnalysisRunner will not be running.
RoslynAnalysisRunner has terminated.
Mono: successfully reloaded assembly
- Completed reload, in  1.017 seconds
Platform modules already initialized, skipping
Shader 'Universal Render Pipeline/Particles/Lit': fallback shader 'Universal Render Pipeline/Particles/SimpleLit' not found
Shader 'Universal Render Pipeline/Particles/Lit': fallback shader 'Universal Render Pipeline/Particles/SimpleLit' not found
Refreshing native plugins compatible for Editor in 0.89 ms, found 0 plugins.
Preloading 0 native plugins for Editor in 0.00 ms.
Unloading 2389 Unused Serialized files (Serialized files now loaded: 0)
System memory in use before: 133.8 MB.
System memory in use after: 131.8 MB.

Unloading 39 unused Assets to reduce memory usage. Loaded Objects now: 2978.
Total: 7.148600 ms (FindLiveObjects: 2.173900 ms CreateObjectMapping: 0.282100 ms MarkObjects: 2.733800 ms  DeleteObjects: 1.956800 ms)

========================================================================
Received Import Request.
  Time since last request: 627.917176 seconds.
  path: Assets/Prefab/Aharfi.prefab
  artifactKey: Guid(b029e9796b26a464abaa6fc77af52bc9) Importer(815301076,1909f56bfc062723c751e8b465ee728b)
Start importing Assets/Prefab/Aharfi.prefab using Guid(b029e9796b26a464abaa6fc77af52bc9) Importer(815301076,1909f56bfc062723c751e8b465ee728b)  -> (artifact id: '5ac461accb943ac90da2144adb89424b') in 0.036392 seconds
  Import took 0.041917 seconds .

========================================================================
Received Import Request.
  Time since last request: 9.377964 seconds.
  path: Assets/Prefab/Aharfi.prefab
  artifactKey: Guid(b029e9796b26a464abaa6fc77af52bc9) Importer(815301076,1909f56bfc062723c751e8b465ee728b)
Start importing Assets/Prefab/Aharfi.prefab using Guid(b029e9796b26a464abaa6fc77af52bc9) Importer(815301076,1909f56bfc062723c751e8b465ee728b)  -> (artifact id: '1852df6c2f4a55ecb240e8b892d81c15') in 0.011052 seconds
  Import took 0.017348 seconds .

========================================================================
Received Import Request.
  Time since last request: 6.327647 seconds.
  path: Assets/Prefab/Transporter.prefab
  artifactKey: Guid(6084d48e6d0e9d147836673ed8e97034) Importer(815301076,1909f56bfc062723c751e8b465ee728b)
Start importing Assets/Prefab/Transporter.prefab using Guid(6084d48e6d0e9d147836673ed8e97034) Importer(815301076,1909f56bfc062723c751e8b465ee728b)  -> (artifact id: '1915f210e5925e578dd0939f6227776e') in 0.218774 seconds
  Import took 0.226771 seconds .

========================================================================
Received Prepare
Registering precompiled user dll's ...
Registered in 0.002105 seconds.
Begin MonoManager ReloadAssembly
Native extension for WindowsStandalone target not found
Refreshing native plugins compatible for Editor in 0.60 ms, found 0 plugins.
Preloading 0 native plugins for Editor in 0.00 ms.
Invoked RoslynAnalysisRunner static constructor.
RoslynAnalysisRunner will not be running.
RoslynAnalysisRunner has terminated.
Mono: successfully reloaded assembly
- Completed reload, in  1.005 seconds
Platform modules already initialized, skipping
Shader 'Universal Render Pipeline/Particles/Lit': fallback shader 'Universal Render Pipeline/Particles/SimpleLit' not found
Shader 'Universal Render Pipeline/Particles/Lit': fallback shader 'Universal Render Pipeline/Particles/SimpleLit' not found
Refreshing native plugins compatible for Editor in 0.70 ms, found 0 plugins.
Preloading 0 native plugins for Editor in 0.00 ms.
Unloading 2389 Unused Serialized files (Serialized files now loaded: 0)
System memory in use before: 134.0 MB.
System memory in use after: 132.0 MB.

Unloading 39 unused Assets to reduce memory usage. Loaded Objects now: 3017.
Total: 4.189000 ms (FindLiveObjects: 0.331000 ms CreateObjectMapping: 0.148300 ms MarkObjects: 2.245800 ms  DeleteObjects: 1.462700 ms)

========================================================================
Received Import Request.
  Time since last request: 52.603779 seconds.
  path: Assets/Prefab/Transporter.prefab
  artifactKey: Guid(6084d48e6d0e9d147836673ed8e97034) Importer(815301076,1909f56bfc062723c751e8b465ee728b)
Start importing Assets/Prefab/Transporter.prefab using Guid(6084d48e6d0e9d147836673ed8e97034) Importer(815301076,1909f56bfc062723c751e8b465ee728b)  -> (artifact id: '641a0876bb3790af61914a2d8aac182f') in 0.211745 seconds
  Import took 0.219318 seconds .

========================================================================
Received Import Request.
  Time since last request: 3.389991 seconds.
  path: Assets/Prefab/Transporter.prefab
  artifactKey: Guid(6084d48e6d0e9d147836673ed8e97034) Importer(815301076,1909f56bfc062723c751e8b465ee728b)
Start importing Assets/Prefab/Transporter.prefab using Guid(6084d48e6d0e9d147836673ed8e97034) Importer(815301076,1909f56bfc062723c751e8b465ee728b)  -> (artifact id: '2c3bbe567502015e72ae6469876eaf43') in 0.041193 seconds
  Import took 0.049068 seconds .

========================================================================
Received Prepare
Registering precompiled user dll's ...
Registered in 0.001719 seconds.
Begin MonoManager ReloadAssembly
Native extension for WindowsStandalone target not found
Refreshing native plugins compatible for Editor in 0.59 ms, found 0 plugins.
Preloading 0 native plugins for Editor in 0.00 ms.
Invoked RoslynAnalysisRunner static constructor.
RoslynAnalysisRunner will not be running.
RoslynAnalysisRunner has terminated.
Mono: successfully reloaded assembly
- Completed reload, in  0.914 seconds
Platform modules already initialized, skipping
Shader 'Universal Render Pipeline/Particles/Lit': fallback shader 'Universal Render Pipeline/Particles/SimpleLit' not found
Shader 'Universal Render Pipeline/Particles/Lit': fallback shader 'Universal Render Pipeline/Particles/SimpleLit' not found
Refreshing native plugins compatible for Editor in 0.69 ms, found 0 plugins.
Preloading 0 native plugins for Editor in 0.00 ms.
Unloading 2389 Unused Serialized files (Serialized files now loaded: 0)
System memory in use before: 134.2 MB.
System memory in use after: 132.2 MB.

Unloading 39 unused Assets to reduce memory usage. Loaded Objects now: 3056.
Total: 4.857400 ms (FindLiveObjects: 0.366900 ms CreateObjectMapping: 0.158200 ms MarkObjects: 2.180100 ms  DeleteObjects: 2.150700 ms)

========================================================================
Received Import Request.
  Time since last request: 331.295118 seconds.
  path: Assets/Materials/Place.mat
  artifactKey: Guid(4088da168335c6247ba8b308758f78e4) Importer(815301076,1909f56bfc062723c751e8b465ee728b)
Start importing Assets/Materials/Place.mat using Guid(4088da168335c6247ba8b308758f78e4) Importer(815301076,1909f56bfc062723c751e8b465ee728b)  -> (artifact id: '139d5cda8b8d81cd8f5ac97827f4ec0a') in 0.734824 seconds
  Import took 0.742368 seconds .

========================================================================
Received Import Request.
  Time since last request: 23.421402 seconds.
  path: Packages/com.unity.render-pipelines.universal/Runtime/Materials/Lit.mat
  artifactKey: Guid(31321ba15b8f8eb4c954353edc038b1d) Importer(815301076,1909f56bfc062723c751e8b465ee728b)
Start importing Packages/com.unity.render-pipelines.universal/Runtime/Materials/Lit.mat using Guid(31321ba15b8f8eb4c954353edc038b1d) Importer(815301076,1909f56bfc062723c751e8b465ee728b)  -> (artifact id: 'f622d23e0e110bf70eae5d11802cb785') in 0.032967 seconds
  Import took 0.039433 seconds .

========================================================================
Received Import Request.
  Time since last request: 0.000276 seconds.
  path: Packages/com.unity.render-pipelines.universal/Runtime/Materials/ParticlesUnlit.mat
  artifactKey: Guid(e823cd5b5d27c0f4b8256e7c12ee3e6d) Importer(815301076,1909f56bfc062723c751e8b465ee728b)
Start importing Packages/com.unity.render-pipelines.universal/Runtime/Materials/ParticlesUnlit.mat using Guid(e823cd5b5d27c0f4b8256e7c12ee3e6d) Importer(815301076,1909f56bfc062723c751e8b465ee728b)  -> (artifact id: '30331b656c7f41c3dd4342c81dc2967e') in 0.036788 seconds
  Import took 0.042267 seconds .

========================================================================
Received Import Request.
  Time since last request: 0.000446 seconds.
  path: Packages/com.unity.render-pipelines.universal/Runtime/Materials/TerrainLit.mat
  artifactKey: Guid(594ea882c5a793440b60ff72d896021e) Importer(815301076,1909f56bfc062723c751e8b465ee728b)
Start importing Packages/com.unity.render-pipelines.universal/Runtime/Materials/TerrainLit.mat using Guid(594ea882c5a793440b60ff72d896021e) Importer(815301076,1909f56bfc062723c751e8b465ee728b)  -> (artifact id: 'e7d6df8d10b1ff545b3a70f9cc522b7b') in 0.741026 seconds
  Import took 0.747525 seconds .

========================================================================
Received Import Request.
  Time since last request: 0.000225 seconds.
  path: Packages/com.unity.render-pipelines.universal/Runtime/Materials/Sprite-Unlit-Default.mat
  artifactKey: Guid(9dfc825aed78fcd4ba02077103263b40) Importer(815301076,1909f56bfc062723c751e8b465ee728b)
Start importing Packages/com.unity.render-pipelines.universal/Runtime/Materials/Sprite-Unlit-Default.mat using Guid(9dfc825aed78fcd4ba02077103263b40) Importer(815301076,1909f56bfc062723c751e8b465ee728b)  -> (artifact id: '7efa2d9a26c39cd014783a11b7134f54') in 0.037483 seconds
  Import took 0.043137 seconds .

========================================================================
Received Import Request.
  Time since last request: 0.000068 seconds.
  path: Packages/com.unity.render-pipelines.universal/Runtime/Materials/SimpleLit.mat
  artifactKey: Guid(6a1143ee683302f4aa628c052723efc1) Importer(815301076,1909f56bfc062723c751e8b465ee728b)
Start importing Packages/com.unity.render-pipelines.universal/Runtime/Materials/SimpleLit.mat using Guid(6a1143ee683302f4aa628c052723efc1) Importer(815301076,1909f56bfc062723c751e8b465ee728b)  -> (artifact id: 'c1f8b2af9aa589515c7842ef9883ed76') in 0.565420 seconds
  Import took 0.571672 seconds .

========================================================================
Received Import Request.
  Time since last request: 0.000216 seconds.
  path: Packages/com.unity.render-pipelines.universal/Runtime/Materials/Sprite-Lit-Default.mat
  artifactKey: Guid(a97c105638bdf8b4a8650670310a4cd3) Importer(815301076,1909f56bfc062723c751e8b465ee728b)
Start importing Packages/com.unity.render-pipelines.universal/Runtime/Materials/Sprite-Lit-Default.mat using Guid(a97c105638bdf8b4a8650670310a4cd3) Importer(815301076,1909f56bfc062723c751e8b465ee728b)  -> (artifact id: 'c8e76e467d5bca06cfc6953260991443') in 0.029056 seconds
  Import took 0.034490 seconds .

========================================================================
Received Import Request.
  Time since last request: 0.000246 seconds.
  path: Packages/com.unity.render-pipelines.universal/Runtime/Materials/SimpleLit.mat
  artifactKey: Guid(6a1143ee683302f4aa628c052723efc1) Importer(815301076,1909f56bfc062723c751e8b465ee728b)
Start importing Packages/com.unity.render-pipelines.universal/Runtime/Materials/SimpleLit.mat using Guid(6a1143ee683302f4aa628c052723efc1) Importer(815301076,1909f56bfc062723c751e8b465ee728b)  -> (artifact id: 'c1f8b2af9aa589515c7842ef9883ed76') in 0.013033 seconds
  Import took 0.018021 seconds .

========================================================================
Received Import Request.
  Time since last request: 0.000215 seconds.
  path: Packages/com.unity.render-pipelines.universal/Runtime/Materials/Sprite-Lit-Default.mat
  artifactKey: Guid(a97c105638bdf8b4a8650670310a4cd3) Importer(815301076,1909f56bfc062723c751e8b465ee728b)
Start importing Packages/com.unity.render-pipelines.universal/Runtime/Materials/Sprite-Lit-Default.mat using Guid(a97c105638bdf8b4a8650670310a4cd3) Importer(815301076,1909f56bfc062723c751e8b465ee728b)  -> (artifact id: 'c8e76e467d5bca06cfc6953260991443') in 0.015331 seconds
  Import took 0.019784 seconds .

========================================================================
Received Import Request.
  Time since last request: 0.000061 seconds.
  path: Packages/com.unity.render-pipelines.universal/Runtime/Materials/Lit.mat
  artifactKey: Guid(31321ba15b8f8eb4c954353edc038b1d) Importer(815301076,1909f56bfc062723c751e8b465ee728b)
Start importing Packages/com.unity.render-pipelines.universal/Runtime/Materials/Lit.mat using Guid(31321ba15b8f8eb4c954353edc038b1d) Importer(815301076,1909f56bfc062723c751e8b465ee728b)  -> (artifact id: 'f622d23e0e110bf70eae5d11802cb785') in 0.010255 seconds
  Import took 0.016198 seconds .

========================================================================
Received Import Request.
  Time since last request: 8.091504 seconds.
  path: Packages/com.unity.render-pipelines.universal/Runtime/Unity.RenderPipelines.Universal.Runtime.asmdef
  artifactKey: Guid(15fc0a57446b3144c949da3e2b9737a9) Importer(815301076,1909f56bfc062723c751e8b465ee728b)
Start importing Packages/com.unity.render-pipelines.universal/Runtime/Unity.RenderPipelines.Universal.Runtime.asmdef using Guid(15fc0a57446b3144c949da3e2b9737a9) Importer(815301076,1909f56bfc062723c751e8b465ee728b)  -> (artifact id: '544285283cd06ccb62c32bb5b7c7c1e0') in 0.008705 seconds
  Import took 0.015273 seconds .

========================================================================
Received Import Request.
  Time since last request: 0.324969 seconds.
  path: Packages/com.unity.render-pipelines.universal/package.json
  artifactKey: Guid(30648b8d550465f4bb77f1e1afd0b37d) Importer(815301076,1909f56bfc062723c751e8b465ee728b)
Start importing Packages/com.unity.render-pipelines.universal/package.json using Guid(30648b8d550465f4bb77f1e1afd0b37d) Importer(815301076,1909f56bfc062723c751e8b465ee728b)  -> (artifact id: '30479dca9c6733b910e18f7d3c268603') in 0.018117 seconds
  Import took 0.023315 seconds .

========================================================================
Received Import Request.
  Time since last request: 29.162329 seconds.
  path: Assets/Materials/Ore.mat
  artifactKey: Guid(04aaed7eef7ce12458ae995293b9d64e) Importer(815301076,1909f56bfc062723c751e8b465ee728b)
Start importing Assets/Materials/Ore.mat using Guid(04aaed7eef7ce12458ae995293b9d64e) Importer(815301076,1909f56bfc062723c751e8b465ee728b)  -> (artifact id: 'a205cda1184769626ca9ba4a21fd9af2') in 0.016540 seconds
  Import took 0.022361 seconds .

========================================================================
Received Import Request.
  Time since last request: 76.218637 seconds.
  path: Assets/Prefab/Aharfi.prefab
  artifactKey: Guid(b029e9796b26a464abaa6fc77af52bc9) Importer(815301076,1909f56bfc062723c751e8b465ee728b)
Start importing Assets/Prefab/Aharfi.prefab using Guid(b029e9796b26a464abaa6fc77af52bc9) Importer(815301076,1909f56bfc062723c751e8b465ee728b)  -> (artifact id: '7785b3b2334bd31e71d1cf899500865b') in 0.026232 seconds
  Import took 0.031910 seconds .

========================================================================
Received Import Request.
  Time since last request: 0.000295 seconds.
  path: Assets/Prefab/GoldOre.prefab
  artifactKey: Guid(2a3cae4a4e2d1004dbdaf84e04790512) Importer(815301076,1909f56bfc062723c751e8b465ee728b)
Start importing Assets/Prefab/GoldOre.prefab using Guid(2a3cae4a4e2d1004dbdaf84e04790512) Importer(815301076,1909f56bfc062723c751e8b465ee728b)  -> (artifact id: 'eec2fde5fc5b84c87989d78029a3b425') in 0.015538 seconds
  Import took 0.021473 seconds .

========================================================================
Received Prepare
Registering precompiled user dll's ...
Registered in 0.002064 seconds.
Begin MonoManager ReloadAssembly
Native extension for WindowsStandalone target not found
Refreshing native plugins compatible for Editor in 0.59 ms, found 0 plugins.
Preloading 0 native plugins for Editor in 0.00 ms.
Invoked RoslynAnalysisRunner static constructor.
RoslynAnalysisRunner will not be running.
RoslynAnalysisRunner has terminated.
Mono: successfully reloaded assembly
- Completed reload, in  1.149 seconds
Platform modules already initialized, skipping
Shader 'Universal Render Pipeline/Particles/Lit': fallback shader 'Universal Render Pipeline/Particles/SimpleLit' not found
Shader 'Universal Render Pipeline/Particles/Lit': fallback shader 'Universal Render Pipeline/Particles/SimpleLit' not found
Refreshing native plugins compatible for Editor in 0.58 ms, found 0 plugins.
Preloading 0 native plugins for Editor in 0.00 ms.
Unloading 2388 Unused Serialized files (Serialized files now loaded: 0)
System memory in use before: 134.6 MB.
System memory in use after: 133.1 MB.

Unloading 33 unused Assets to reduce memory usage. Loaded Objects now: 3135.
Total: 4.031300 ms (FindLiveObjects: 0.321100 ms CreateObjectMapping: 0.149200 ms MarkObjects: 2.272500 ms  DeleteObjects: 1.287200 ms)

========================================================================
Received Import Request.
  Time since last request: 182.301531 seconds.
  path: Assets/Prefab/Aharfi.prefab
  artifactKey: Guid(b029e9796b26a464abaa6fc77af52bc9) Importer(815301076,1909f56bfc062723c751e8b465ee728b)
Start importing Assets/Prefab/Aharfi.prefab using Guid(b029e9796b26a464abaa6fc77af52bc9) Importer(815301076,1909f56bfc062723c751e8b465ee728b)  -> (artifact id: '1831f81c2575a55c590e7a2e240c6edd') in 0.175519 seconds
  Import took 0.180634 seconds .

========================================================================
Received Import Request.
  Time since last request: 40.036025 seconds.
  path: Assets/Prefab/Transporter.prefab
  artifactKey: Guid(6084d48e6d0e9d147836673ed8e97034) Importer(815301076,1909f56bfc062723c751e8b465ee728b)
Start importing Assets/Prefab/Transporter.prefab using Guid(6084d48e6d0e9d147836673ed8e97034) Importer(815301076,1909f56bfc062723c751e8b465ee728b)  -> (artifact id: '96b90c2ac69a0831b7647157e7dae916') in 0.039562 seconds
  Import took 0.046318 seconds .

========================================================================
Received Import Request.
  Time since last request: 14.024928 seconds.
  path: Assets/Prefab/Transporter.prefab
  artifactKey: Guid(6084d48e6d0e9d147836673ed8e97034) Importer(815301076,1909f56bfc062723c751e8b465ee728b)
Start importing Assets/Prefab/Transporter.prefab using Guid(6084d48e6d0e9d147836673ed8e97034) Importer(815301076,1909f56bfc062723c751e8b465ee728b)  -> (artifact id: '9555ad6b388aa3f5ce71ba24c69bf395') in 0.020284 seconds
  Import took 0.027864 seconds .

========================================================================
Received Import Request.
  Time since last request: 6.814989 seconds.
  path: Assets/Prefab/Transporter.prefab
  artifactKey: Guid(6084d48e6d0e9d147836673ed8e97034) Importer(815301076,1909f56bfc062723c751e8b465ee728b)
Start importing Assets/Prefab/Transporter.prefab using Guid(6084d48e6d0e9d147836673ed8e97034) Importer(815301076,1909f56bfc062723c751e8b465ee728b)  -> (artifact id: '6296801c4415241344dfbebe73577f21') in 0.032288 seconds
  Import took 0.038809 seconds .

========================================================================
Received Import Request.
  Time since last request: 34.466153 seconds.
  path: Assets/Prefab/Transporter.prefab
  artifactKey: Guid(6084d48e6d0e9d147836673ed8e97034) Importer(815301076,1909f56bfc062723c751e8b465ee728b)
Start importing Assets/Prefab/Transporter.prefab using Guid(6084d48e6d0e9d147836673ed8e97034) Importer(815301076,1909f56bfc062723c751e8b465ee728b)  -> (artifact id: '1a06e69bc88b7195a133e31faed5a6d8') in 0.030651 seconds
  Import took 0.037153 seconds .

========================================================================
Received Import Request.
  Time since last request: 0.002771 seconds.
  path: Assets/Prefab/Transporter.prefab
  artifactKey: Guid(6084d48e6d0e9d147836673ed8e97034) Importer(815301076,1909f56bfc062723c751e8b465ee728b)
Start importing Assets/Prefab/Transporter.prefab using Guid(6084d48e6d0e9d147836673ed8e97034) Importer(815301076,1909f56bfc062723c751e8b465ee728b)  -> (artifact id: '1a06e69bc88b7195a133e31faed5a6d8') in 0.033924 seconds
  Import took 0.040971 seconds .

========================================================================
Received Import Request.
  Time since last request: 70.199571 seconds.
  path: Assets/Prefab/Transporter.prefab
  artifactKey: Guid(6084d48e6d0e9d147836673ed8e97034) Importer(815301076,1909f56bfc062723c751e8b465ee728b)
Start importing Assets/Prefab/Transporter.prefab using Guid(6084d48e6d0e9d147836673ed8e97034) Importer(815301076,1909f56bfc062723c751e8b465ee728b)  -> (artifact id: 'fa2a1d2ddeec0aa460a23aef1373d827') in 0.034482 seconds
  Import took 0.042011 seconds .

========================================================================
Received Prepare
Registering precompiled user dll's ...
Registered in 0.002161 seconds.
Begin MonoManager ReloadAssembly
Native extension for WindowsStandalone target not found
Refreshing native plugins compatible for Editor in 0.84 ms, found 0 plugins.
Preloading 0 native plugins for Editor in 0.00 ms.
Invoked RoslynAnalysisRunner static constructor.
RoslynAnalysisRunner will not be running.
RoslynAnalysisRunner has terminated.
Mono: successfully reloaded assembly
- Completed reload, in  1.036 seconds
Platform modules already initialized, skipping
Shader 'Universal Render Pipeline/Particles/Lit': fallback shader 'Universal Render Pipeline/Particles/SimpleLit' not found
Shader 'Universal Render Pipeline/Particles/Lit': fallback shader 'Universal Render Pipeline/Particles/SimpleLit' not found
Refreshing native plugins compatible for Editor in 0.57 ms, found 0 plugins.
Preloading 0 native plugins for Editor in 0.00 ms.
Unloading 2382 Unused Serialized files (Serialized files now loaded: 0)
System memory in use before: 134.3 MB.
System memory in use after: 132.8 MB.

Unloading 32 unused Assets to reduce memory usage. Loaded Objects now: 3174.
Total: 3.571400 ms (FindLiveObjects: 0.287800 ms CreateObjectMapping: 0.118500 ms MarkObjects: 2.053900 ms  DeleteObjects: 1.109700 ms)

========================================================================
Received Prepare
Registering precompiled user dll's ...
Registered in 0.002430 seconds.
Begin MonoManager ReloadAssembly
Native extension for WindowsStandalone target not found
Refreshing native plugins compatible for Editor in 0.59 ms, found 0 plugins.
Preloading 0 native plugins for Editor in 0.00 ms.
Invoked RoslynAnalysisRunner static constructor.
RoslynAnalysisRunner will not be running.
RoslynAnalysisRunner has terminated.
Mono: successfully reloaded assembly
- Completed reload, in  0.950 seconds
Platform modules already initialized, skipping
Shader 'Universal Render Pipeline/Particles/Lit': fallback shader 'Universal Render Pipeline/Particles/SimpleLit' not found
Shader 'Universal Render Pipeline/Particles/Lit': fallback shader 'Universal Render Pipeline/Particles/SimpleLit' not found
Refreshing native plugins compatible for Editor in 0.56 ms, found 0 plugins.
Preloading 0 native plugins for Editor in 0.00 ms.
Unloading 2382 Unused Serialized files (Serialized files now loaded: 0)
System memory in use before: 134.2 MB.
System memory in use after: 132.7 MB.

Unloading 32 unused Assets to reduce memory usage. Loaded Objects now: 3177.
Total: 4.485700 ms (FindLiveObjects: 0.392000 ms CreateObjectMapping: 0.150700 ms MarkObjects: 2.712900 ms  DeleteObjects: 1.228600 ms)

========================================================================
Received Import Request.
  Time since last request: 127.531203 seconds.
  path: Assets/Prefab/Aharfi.prefab
  artifactKey: Guid(b029e9796b26a464abaa6fc77af52bc9) Importer(815301076,1909f56bfc062723c751e8b465ee728b)
Start importing Assets/Prefab/Aharfi.prefab using Guid(b029e9796b26a464abaa6fc77af52bc9) Importer(815301076,1909f56bfc062723c751e8b465ee728b)  -> (artifact id: '22f48dd0c0dddae7a4bd15cdd7f0ea3c') in 0.033699 seconds
  Import took 0.039517 seconds .

========================================================================
Received Import Request.
  Time since last request: 4.525486 seconds.
  path: Assets/Prefab/Transporter.prefab
  artifactKey: Guid(6084d48e6d0e9d147836673ed8e97034) Importer(815301076,1909f56bfc062723c751e8b465ee728b)
Start importing Assets/Prefab/Transporter.prefab using Guid(6084d48e6d0e9d147836673ed8e97034) Importer(815301076,1909f56bfc062723c751e8b465ee728b)  -> (artifact id: '695812e476886f14ed9959deffcc8860') in 0.196035 seconds
  Import took 0.203996 seconds .

========================================================================
Received Import Request.
  Time since last request: 22.489120 seconds.
  path: Assets/Prefab/Transporter.prefab
  artifactKey: Guid(6084d48e6d0e9d147836673ed8e97034) Importer(815301076,1909f56bfc062723c751e8b465ee728b)
Start importing Assets/Prefab/Transporter.prefab using Guid(6084d48e6d0e9d147836673ed8e97034) Importer(815301076,1909f56bfc062723c751e8b465ee728b)  -> (artifact id: '9b8ce78acbc4da3d76c8119a93d0f601') in 0.035703 seconds
  Import took 0.042547 seconds .

========================================================================
Received Import Request.
  Time since last request: 0.001782 seconds.
  path: Assets/Prefab/Transporter.prefab
  artifactKey: Guid(6084d48e6d0e9d147836673ed8e97034) Importer(815301076,1909f56bfc062723c751e8b465ee728b)
Start importing Assets/Prefab/Transporter.prefab using Guid(6084d48e6d0e9d147836673ed8e97034) Importer(815301076,1909f56bfc062723c751e8b465ee728b)  -> (artifact id: '9b8ce78acbc4da3d76c8119a93d0f601') in 0.032942 seconds
  Import took 0.039977 seconds .

========================================================================
Received Import Request.
  Time since last request: 42.590150 seconds.
  path: Assets/Prefab/Transporter.prefab
  artifactKey: Guid(6084d48e6d0e9d147836673ed8e97034) Importer(815301076,1909f56bfc062723c751e8b465ee728b)
Start importing Assets/Prefab/Transporter.prefab using Guid(6084d48e6d0e9d147836673ed8e97034) Importer(815301076,1909f56bfc062723c751e8b465ee728b)  -> (artifact id: 'fff21a4618a8f78efaf6d81fcfcdf35b') in 0.035074 seconds
  Import took 0.041613 seconds .

========================================================================
Received Prepare
Registering precompiled user dll's ...
Registered in 0.001752 seconds.
Begin MonoManager ReloadAssembly
Native extension for WindowsStandalone target not found
Refreshing native plugins compatible for Editor in 0.73 ms, found 0 plugins.
Preloading 0 native plugins for Editor in 0.00 ms.
Invoked RoslynAnalysisRunner static constructor.
RoslynAnalysisRunner will not be running.
RoslynAnalysisRunner has terminated.
Mono: successfully reloaded assembly
- Completed reload, in  1.046 seconds
Platform modules already initialized, skipping
Shader 'Universal Render Pipeline/Particles/Lit': fallback shader 'Universal Render Pipeline/Particles/SimpleLit' not found
Shader 'Universal Render Pipeline/Particles/Lit': fallback shader 'Universal Render Pipeline/Particles/SimpleLit' not found
Refreshing native plugins compatible for Editor in 0.57 ms, found 0 plugins.
Preloading 0 native plugins for Editor in 0.00 ms.
Unloading 2382 Unused Serialized files (Serialized files now loaded: 0)
System memory in use before: 134.4 MB.
System memory in use after: 132.9 MB.

Unloading 32 unused Assets to reduce memory usage. Loaded Objects now: 3216.
Total: 3.634400 ms (FindLiveObjects: 0.302300 ms CreateObjectMapping: 0.123300 ms MarkObjects: 2.083400 ms  DeleteObjects: 1.124500 ms)

========================================================================
Received Prepare
Registering precompiled user dll's ...
Registered in 0.002631 seconds.
Begin MonoManager ReloadAssembly
Native extension for WindowsStandalone target not found
Refreshing native plugins compatible for Editor in 1.07 ms, found 0 plugins.
Preloading 0 native plugins for Editor in 0.00 ms.
Invoked RoslynAnalysisRunner static constructor.
RoslynAnalysisRunner will not be running.
RoslynAnalysisRunner has terminated.
Mono: successfully reloaded assembly
- Completed reload, in  1.562 seconds
Platform modules already initialized, skipping
Shader 'Universal Render Pipeline/Particles/Lit': fallback shader 'Universal Render Pipeline/Particles/SimpleLit' not found
Shader 'Universal Render Pipeline/Particles/Lit': fallback shader 'Universal Render Pipeline/Particles/SimpleLit' not found
Refreshing native plugins compatible for Editor in 0.87 ms, found 0 plugins.
Preloading 0 native plugins for Editor in 0.00 ms.
Unloading 2382 Unused Serialized files (Serialized files now loaded: 0)
System memory in use before: 134.4 MB.
System memory in use after: 133.0 MB.

Unloading 32 unused Assets to reduce memory usage. Loaded Objects now: 3219.
Total: 6.928200 ms (FindLiveObjects: 0.518700 ms CreateObjectMapping: 0.369500 ms MarkObjects: 3.744900 ms  DeleteObjects: 2.292700 ms)

========================================================================
Received Prepare
Registering precompiled user dll's ...
Registered in 0.002184 seconds.
Begin MonoManager ReloadAssembly
Native extension for WindowsStandalone target not found
Refreshing native plugins compatible for Editor in 0.60 ms, found 0 plugins.
Preloading 0 native plugins for Editor in 0.00 ms.
Invoked RoslynAnalysisRunner static constructor.
RoslynAnalysisRunner will not be running.
RoslynAnalysisRunner has terminated.
Mono: successfully reloaded assembly
- Completed reload, in  0.998 seconds
Platform modules already initialized, skipping
Shader 'Universal Render Pipeline/Particles/Lit': fallback shader 'Universal Render Pipeline/Particles/SimpleLit' not found
Shader 'Universal Render Pipeline/Particles/Lit': fallback shader 'Universal Render Pipeline/Particles/SimpleLit' not found
Refreshing native plugins compatible for Editor in 0.67 ms, found 0 plugins.
Preloading 0 native plugins for Editor in 0.00 ms.
Unloading 2382 Unused Serialized files (Serialized files now loaded: 0)
System memory in use before: 134.5 MB.
System memory in use after: 133.0 MB.

Unloading 32 unused Assets to reduce memory usage. Loaded Objects now: 3222.
Total: 4.617400 ms (FindLiveObjects: 0.497200 ms CreateObjectMapping: 0.235300 ms MarkObjects: 2.533900 ms  DeleteObjects: 1.349700 ms)

========================================================================
Received Prepare
Registering precompiled user dll's ...
Registered in 0.002047 seconds.
Begin MonoManager ReloadAssembly
Native extension for WindowsStandalone target not found
Refreshing native plugins compatible for Editor in 0.77 ms, found 0 plugins.
Preloading 0 native plugins for Editor in 0.00 ms.
Invoked RoslynAnalysisRunner static constructor.
RoslynAnalysisRunner will not be running.
RoslynAnalysisRunner has terminated.
Mono: successfully reloaded assembly
- Completed reload, in  1.189 seconds
Platform modules already initialized, skipping
Shader 'Universal Render Pipeline/Particles/Lit': fallback shader 'Universal Render Pipeline/Particles/SimpleLit' not found
Shader 'Universal Render Pipeline/Particles/Lit': fallback shader 'Universal Render Pipeline/Particles/SimpleLit' not found
Refreshing native plugins compatible for Editor in 0.65 ms, found 0 plugins.
Preloading 0 native plugins for Editor in 0.00 ms.
Unloading 2382 Unused Serialized files (Serialized files now loaded: 0)
System memory in use before: 134.4 MB.
System memory in use after: 133.0 MB.

Unloading 32 unused Assets to reduce memory usage. Loaded Objects now: 3225.
Total: 4.898000 ms (FindLiveObjects: 0.502000 ms CreateObjectMapping: 0.266400 ms MarkObjects: 2.879300 ms  DeleteObjects: 1.248800 ms)

========================================================================
Received Prepare
Registering precompiled user dll's ...
Registered in 0.001721 seconds.
Begin MonoManager ReloadAssembly
Native extension for WindowsStandalone target not found
Refreshing native plugins compatible for Editor in 0.59 ms, found 0 plugins.
Preloading 0 native plugins for Editor in 0.00 ms.
Invoked RoslynAnalysisRunner static constructor.
RoslynAnalysisRunner will not be running.
RoslynAnalysisRunner has terminated.
Mono: successfully reloaded assembly
- Completed reload, in  1.050 seconds
Platform modules already initialized, skipping
Shader 'Universal Render Pipeline/Particles/Lit': fallback shader 'Universal Render Pipeline/Particles/SimpleLit' not found
Shader 'Universal Render Pipeline/Particles/Lit': fallback shader 'Universal Render Pipeline/Particles/SimpleLit' not found
Refreshing native plugins compatible for Editor in 0.68 ms, found 0 plugins.
Preloading 0 native plugins for Editor in 0.00 ms.
Unloading 2382 Unused Serialized files (Serialized files now loaded: 0)
System memory in use before: 134.4 MB.
System memory in use after: 132.9 MB.

Unloading 32 unused Assets to reduce memory usage. Loaded Objects now: 3228.
Total: 4.744000 ms (FindLiveObjects: 0.359800 ms CreateObjectMapping: 0.157000 ms MarkObjects: 2.916300 ms  DeleteObjects: 1.309000 ms)

AssetImportWorkerClient::OnTransportError - code=2 error=End of file
